{
  "RSpec": {
    "coverage": {
      "/Users/student/Projects/post-course/8thlight/book-search/spec/book_list_spec.rb": [
        1,
        null,
        1,
        null,
        1,
        2,
        1,
        1,
        1,
        1,
        null,
        null,
        null,
        null,
        1,
        2,
        1,
        2,
        2,
        2,
        null,
        1,
        1,
        1,
        1,
        null,
        null,
        null,
        null,
        null,
        null,
        null,
        null,
        null,
        null,
        null
      ],
      "/Users/student/Projects/post-course/8thlight/book-search/lib/book_list.rb": [
        1,
        1,
        null,
        1,
        12,
        null,
        null,
        1,
        3,
        null,
        null,
        1,
        1,
        1,
        1,
        1,
        1,
        1,
        1,
        null,
        1,
        null,
        null
      ],
      "/Users/student/Projects/post-course/8thlight/book-search/spec/book_search_spec.rb": [
        1,
        null,
        1,
        8,
        null,
        1,
        7,
        7,
        null,
        null,
        1,
        1,
        1,
        null,
        null,
        1,
        1,
        null,
        null,
        null,
        null,
        null,
        1,
        null,
        1,
        null,
        1,
        1,
        1,
        null,
        null,
        null,
        1,
        1,
        null,
        1,
        1,
        1,
        null,
        null,
        null,
        1,
        1,
        2,
        2,
        null,
        null,
        1,
        1,
        1,
        null,
        null,
        1,
        1,
        1,
        null,
        null,
        null,
        null,
        null,
        1,
        1,
        1,
        null,
        null,
        null,
        1,
        1,
        1,
        null,
        null,
        null,
        null,
        null,
        null,
        null,
        null,
        null,
        null
      ],
      "/Users/student/Projects/post-course/8thlight/book-search/lib/book_search.rb": [
        1,
        1,
        1,
        null,
        null,
        1,
        1,
        null,
        1,
        10,
        10,
        null,
        null,
        1,
        3,
        3,
        3,
        null,
        null,
        1,
        0,
        0,
        null,
        null,
        1,
        3,
        3,
        null,
        null,
        1,
        3,
        3,
        3,
        0,
        0,
        null,
        3,
        3,
        null,
        null,
        null,
        1,
        2,
        2,
        2,
        2,
        0,
        0,
        0,
        2,
        0,
        null,
        2,
        null,
        null,
        null,
        1,
        0,
        0,
        0,
        0,
        0,
        0,
        0,
        0,
        0,
        0,
        null,
        0,
        0,
        null,
        null,
        null,
        null,
        null
      ],
      "/Users/student/Projects/post-course/8thlight/book-search/lib/search.rb": [
        1,
        1,
        1,
        1,
        null,
        1,
        1,
        null,
        1,
        1,
        null,
        1,
        4,
        4,
        null,
        null,
        1,
        null,
        3,
        3,
        3,
        3,
        0,
        0,
        0,
        null,
        3,
        18,
        null,
        null,
        null,
        null
      ],
      "/Users/student/Projects/post-course/8thlight/book-search/lib/result.rb": [
        1,
        null,
        null,
        1,
        1,
        null,
        1,
        5,
        null,
        null,
        1,
        15,
        15,
        null,
        null,
        1,
        1,
        1,
        5,
        5,
        5,
        null,
        5,
        null,
        null,
        null,
        1,
        3,
        3,
        3,
        null,
        15,
        null,
        null,
        null,
        null,
        null,
        null
      ],
      "/Users/student/Projects/post-course/8thlight/book-search/lib/book.rb": [
        null,
        null,
        1,
        1,
        null,
        1,
        23,
        23,
        23,
        null,
        null
      ],
      "/Users/student/Projects/post-course/8thlight/book-search/lib/message.rb": [
        null,
        1,
        null,
        1,
        3,
        3,
        3,
        3,
        3,
        3,
        null,
        null,
        null,
        null,
        1,
        2,
        2,
        2,
        null,
        null,
        null,
        null,
        1,
        0,
        0,
        null,
        null,
        null,
        1,
        0,
        0,
        null,
        null,
        1,
        2,
        2,
        2,
        null,
        null,
        1,
        0,
        0,
        null,
        null,
        null,
        null
      ],
      "/Users/student/Projects/post-course/8thlight/book-search/spec/book_spec.rb": [
        1,
        null,
        1,
        null,
        1,
        null,
        1,
        1,
        1,
        null,
        1,
        1,
        1,
        null,
        1,
        1,
        1,
        null,
        null,
        null,
        null,
        null
      ],
      "/Users/student/Projects/post-course/8thlight/book-search/spec/features/book_search_feature_spec.rb": [
        1,
        1,
        null,
        1,
        1,
        1,
        null,
        1,
        null,
        1,
        null,
        1,
        1,
        1,
        1,
        null,
        1,
        1,
        1,
        1,
        null,
        null,
        null,
        null,
        null,
        1,
        1,
        1,
        null,
        1,
        1,
        1,
        1,
        1,
        1,
        null,
        null,
        null,
        1,
        null,
        1,
        null,
        1,
        null,
        null,
        null,
        null,
        null,
        null,
        null,
        null,
        null,
        null,
        null,
        null,
        null,
        null,
        null
      ],
      "/Users/student/Projects/post-course/8thlight/book-search/spec/result_spec.rb": [
        1,
        null,
        1,
        null,
        null,
        1,
        null,
        1,
        1,
        1,
        1,
        1,
        null,
        null,
        null,
        null,
        null
      ],
      "/Users/student/Projects/post-course/8thlight/book-search/spec/mock_object.rb": [
        1
      ],
      "/Users/student/Projects/post-course/8thlight/book-search/spec/search_spec.rb": [
        1,
        1,
        null,
        1,
        2,
        null,
        1,
        1,
        1,
        null,
        null,
        null
      ]
    },
    "timestamp": 1573640353
  }
}
